Font not found: data/Joystix.ttf
Image not found: data/welcome.png
Font not found: data/Joystix.ttf
Font not found: data/Joystix.ttf
Font not found: data/Joystix.ttf
Font not found: data/Joystix.ttf
Image not found: data/menu_partidas
Image not found: data/menu_partidas
Image not found: data/menu_partidas
Image not found: data/menu_partidas
Image not found: data/menu_partidas.jpg
Image not found: data/menu_seleccion_sprite.png
Image not found: data/menu_partidas.jpg
Font not found: data/Joystix.ttf
Font not found: data/Joystix.ttf
Image not found: data/flecha_seleccion_sprite.png
Image not found: data/flecha_seleccion_sprite.png
Image not found: data/flecha_seleccion_sprite.png
Image not found: data/flecha_seleccion_sprite.png
Image not found: charmander.png
Image not found: squirtle.png
Image not found: data/dialogo_combate
Image not found: data/dialogo_combate
Image not found: data/dialogo_combate
Image not found: squirtle
Image not found: squirtle
